<?xml version="1.0" encoding="UTF-8" ?>
<testsuite tests="5" failures="0" name="com.mycompany.enade.model.UsuarioTest" time="0.034" errors="0" skipped="0">
  <properties>
[...]
</properties>
  <testcase classname="com.mycompany.enade.model.UsuarioTest" name="com.mycompany.enade.model.UsuarioTest.testRemove" time="0.033"/>
  <testcase classname="com.mycompany.enade.model.UsuarioTest" name="com.mycompany.enade.model.UsuarioTest.testexcluirTodos" time="0"/>
  <testcase classname="com.mycompany.enade.model.UsuarioTest" name="com.mycompany.enade.model.UsuarioTest.testAlterar" time="0"/>
  <testcase classname="com.mycompany.enade.model.UsuarioTest" name="com.mycompany.enade.model.UsuarioTest.testgetUsuario" time="0.001"/>
  <testcase classname="com.mycompany.enade.model.UsuarioTest" name="com.mycompany.enade.model.UsuarioTest.testtodosUsuarios" time="0"/>
</testsuite>